[      80ms] [ERROR] Failed to load resource: the server responded with a status of 404 (Not Found) @ http://localhost:4323/images/sets/nrsa01-banner.jpg:0
[      84ms] [ERROR] Failed to load resource: the server responded with a status of 404 (Not Found) @ http://localhost:4323/images/cards/nrsa01/001l5.jpg:0
[      84ms] [ERROR] Failed to load resource: the server responded with a status of 404 (Not Found) @ http://localhost:4323/images/cards/nrsa01/002l5.jpg:0
[      85ms] [ERROR] Failed to load resource: the server responded with a status of 404 (Not Found) @ http://localhost:4323/images/cards/nrsa01/003l5.jpg:0
[      85ms] [ERROR] Failed to load resource: the server responded with a status of 404 (Not Found) @ http://localhost:4323/images/cards/nrsa01/004l5.jpg:0
[      95ms] [ERROR] Failed to load resource: the server responded with a status of 404 (Not Found) @ http://localhost:4323/images/cards/nrsa01/001l4.jpg:0
[      95ms] [ERROR] Failed to load resource: the server responded with a status of 404 (Not Found) @ http://localhost:4323/images/cards/nrsa01/002l4.jpg:0
[      96ms] [ERROR] Failed to load resource: the server responded with a status of 404 (Not Found) @ http://localhost:4323/images/cards/nrsa01/003l4.jpg:0
[      96ms] [ERROR] Failed to load resource: the server responded with a status of 404 (Not Found) @ http://localhost:4323/images/cards/nrsa01/004l4.jpg:0
[      96ms] [ERROR] Failed to load resource: the server responded with a status of 404 (Not Found) @ http://localhost:4323/images/cards/nrsa01/005l4.jpg:0
[      96ms] [ERROR] Failed to load resource: the server responded with a status of 404 (Not Found) @ http://localhost:4323/images/cards/nrsa01/006l4.jpg:0
[      97ms] [ERROR] Failed to load resource: the server responded with a status of 404 (Not Found) @ http://localhost:4323/images/cards/nrsa01/007l4.jpg:0
[      97ms] [ERROR] Failed to load resource: the server responded with a status of 404 (Not Found) @ http://localhost:4323/images/cards/nrsa01/001.jpg:0
[      97ms] [ERROR] Failed to load resource: the server responded with a status of 404 (Not Found) @ http://localhost:4323/images/cards/nrsa01/002.jpg:0
[      97ms] [ERROR] Failed to load resource: the server responded with a status of 404 (Not Found) @ http://localhost:4323/images/cards/nrsa01/003.jpg:0
[      97ms] [ERROR] Failed to load resource: the server responded with a status of 404 (Not Found) @ http://localhost:4323/images/cards/nrsa01/005.jpg:0
[      98ms] [ERROR] Failed to load resource: the server responded with a status of 404 (Not Found) @ http://localhost:4323/images/cards/nrsa01/004.jpg:0
[     135ms] [ERROR] Failed to load resource: the server responded with a status of 404 (Not Found) @ http://localhost:4323/images/cards/nrsa01/006.jpg:0
[     136ms] [ERROR] Failed to load resource: the server responded with a status of 404 (Not Found) @ http://localhost:4323/images/cards/nrsa01/008l4.jpg:0
[     136ms] [ERROR] Failed to load resource: the server responded with a status of 404 (Not Found) @ http://localhost:4323/images/cards/nrsa01/001l3.jpg:0
[     136ms] [ERROR] Failed to load resource: the server responded with a status of 404 (Not Found) @ http://localhost:4323/images/cards/nrsa01/002l3.jpg:0
[     136ms] [ERROR] Failed to load resource: the server responded with a status of 404 (Not Found) @ http://localhost:4323/images/cards/nrsa01/003l3.jpg:0
[     137ms] [ERROR] Failed to load resource: the server responded with a status of 404 (Not Found) @ http://localhost:4323/images/cards/nrsa01/004l3.jpg:0
[     137ms] [ERROR] Failed to load resource: the server responded with a status of 404 (Not Found) @ http://localhost:4323/images/cards/nrsa01/005l3.jpg:0
[     137ms] [ERROR] Failed to load resource: the server responded with a status of 404 (Not Found) @ http://localhost:4323/images/cards/nrsa01/006l3.jpg:0
[     137ms] [ERROR] Failed to load resource: the server responded with a status of 404 (Not Found) @ http://localhost:4323/images/cards/nrsa01/007l3.jpg:0
